mode: atomic
github.com/LGROW101/assessment-tax/config/config.go:12.27,20.2 1 0
github.com/LGROW101/assessment-tax/config/config.go:22.46,24.17 2 0
github.com/LGROW101/assessment-tax/config/config.go:24.17,26.3 1 0
github.com/LGROW101/assessment-tax/config/config.go:27.2,27.14 1 0
github.com/LGROW101/assessment-tax/databases/database.go:12.31,17.16 4 0
github.com/LGROW101/assessment-tax/databases/database.go:17.16,19.3 1 0
github.com/LGROW101/assessment-tax/databases/database.go:21.2,22.16 2 0
github.com/LGROW101/assessment-tax/databases/database.go:22.16,24.3 1 0
github.com/LGROW101/assessment-tax/databases/database.go:26.2,30.26 4 0
github.com/LGROW101/assessment-tax/databases/database.go:33.22,35.2 1 0
github.com/LGROW101/assessment-tax/databases/database.go:37.20,39.2 1 0
github.com/LGROW101/assessment-tax/main.go:24.13,30.16 3 0
github.com/LGROW101/assessment-tax/main.go:30.16,32.3 1 0
github.com/LGROW101/assessment-tax/main.go:33.2,55.40 12 0
github.com/LGROW101/assessment-tax/main.go:55.40,61.3 2 0
github.com/LGROW101/assessment-tax/main.go:63.2,69.140 4 0
github.com/LGROW101/assessment-tax/main.go:69.140,71.3 1 0
github.com/LGROW101/assessment-tax/main.go:73.2,76.12 2 0
github.com/LGROW101/assessment-tax/main.go:76.12,77.94 1 0
github.com/LGROW101/assessment-tax/main.go:77.94,79.4 1 0
github.com/LGROW101/assessment-tax/main.go:83.2,88.40 6 0
github.com/LGROW101/assessment-tax/main.go:88.40,90.3 1 0
github.com/LGROW101/assessment-tax/databases/migration/migration.go:13.34,17.16 3 0
github.com/LGROW101/assessment-tax/databases/migration/migration.go:17.16,19.3 1 0
github.com/LGROW101/assessment-tax/databases/migration/migration.go:21.2,21.61 1 0
github.com/LGROW101/assessment-tax/databases/migration/migration.go:21.61,23.3 1 0
github.com/LGROW101/assessment-tax/databases/migration/migration.go:25.2,25.36 1 0
github.com/LGROW101/assessment-tax/handler/admin.go:16.74,20.2 1 0
github.com/LGROW101/assessment-tax/handler/admin.go:22.56,24.16 2 0
github.com/LGROW101/assessment-tax/handler/admin.go:24.16,26.3 1 0
github.com/LGROW101/assessment-tax/handler/admin.go:28.2,28.19 1 0
github.com/LGROW101/assessment-tax/handler/admin.go:28.19,30.3 1 0
github.com/LGROW101/assessment-tax/handler/admin.go:32.2,36.36 2 0
github.com/LGROW101/assessment-tax/handler/admin.go:39.59,41.37 2 0
github.com/LGROW101/assessment-tax/handler/admin.go:41.37,43.3 1 0
github.com/LGROW101/assessment-tax/handler/admin.go:45.2,46.16 2 0
github.com/LGROW101/assessment-tax/handler/admin.go:46.16,48.3 1 0
github.com/LGROW101/assessment-tax/handler/admin.go:50.2,50.19 1 0
github.com/LGROW101/assessment-tax/handler/admin.go:50.19,53.17 3 0
github.com/LGROW101/assessment-tax/handler/admin.go:53.17,55.4 1 0
github.com/LGROW101/assessment-tax/handler/admin.go:58.2,58.34 1 0
github.com/LGROW101/assessment-tax/handler/admin.go:58.34,60.3 1 0
github.com/LGROW101/assessment-tax/handler/admin.go:61.2,61.25 1 0
github.com/LGROW101/assessment-tax/handler/admin.go:61.25,63.3 1 0
github.com/LGROW101/assessment-tax/handler/admin.go:65.2,65.42 1 0
github.com/LGROW101/assessment-tax/handler/admin.go:65.42,67.3 1 0
github.com/LGROW101/assessment-tax/handler/admin.go:69.2,70.16 2 0
github.com/LGROW101/assessment-tax/handler/admin.go:70.16,72.3 1 0
github.com/LGROW101/assessment-tax/handler/admin.go:74.2,75.34 2 0
github.com/LGROW101/assessment-tax/handler/admin.go:75.34,77.3 1 0
github.com/LGROW101/assessment-tax/handler/admin.go:78.2,78.25 1 0
github.com/LGROW101/assessment-tax/handler/admin.go:78.25,80.3 1 0
github.com/LGROW101/assessment-tax/handler/admin.go:82.2,82.36 1 0
github.com/LGROW101/assessment-tax/handler/calculator.go:16.97,20.2 1 0
github.com/LGROW101/assessment-tax/handler/calculator.go:35.64,37.37 2 0
github.com/LGROW101/assessment-tax/handler/calculator.go:37.37,39.3 1 0
github.com/LGROW101/assessment-tax/handler/calculator.go:41.2,41.68 1 0
github.com/LGROW101/assessment-tax/handler/calculator.go:41.68,43.3 1 0
github.com/LGROW101/assessment-tax/handler/calculator.go:45.2,46.16 2 0
github.com/LGROW101/assessment-tax/handler/calculator.go:46.16,48.3 1 0
github.com/LGROW101/assessment-tax/handler/calculator.go:50.2,52.86 2 0
github.com/LGROW101/assessment-tax/handler/calculator.go:52.86,54.3 1 0
github.com/LGROW101/assessment-tax/handler/calculator.go:54.8,54.81 1 0
github.com/LGROW101/assessment-tax/handler/calculator.go:54.81,56.3 1 0
github.com/LGROW101/assessment-tax/handler/calculator.go:58.2,58.25 1 0
github.com/LGROW101/assessment-tax/handler/calculator.go:58.25,60.3 1 0
github.com/LGROW101/assessment-tax/handler/calculator.go:62.2,62.40 1 0
github.com/LGROW101/assessment-tax/handler/calculator.go:64.70,66.16 2 0
github.com/LGROW101/assessment-tax/handler/calculator.go:66.16,68.3 1 0
github.com/LGROW101/assessment-tax/handler/calculator.go:70.2,70.47 1 0
github.com/LGROW101/assessment-tax/handler/csv.go:14.69,18.2 1 0
github.com/LGROW101/assessment-tax/handler/csv.go:20.54,22.16 2 0
github.com/LGROW101/assessment-tax/handler/csv.go:22.16,24.3 1 0
github.com/LGROW101/assessment-tax/handler/csv.go:26.2,27.16 2 0
github.com/LGROW101/assessment-tax/handler/csv.go:27.16,29.3 1 0
github.com/LGROW101/assessment-tax/handler/csv.go:30.2,33.16 3 0
github.com/LGROW101/assessment-tax/handler/csv.go:33.16,35.3 1 0
github.com/LGROW101/assessment-tax/handler/csv.go:37.2,37.70 1 0
github.com/LGROW101/assessment-tax/repository/admin.go:20.53,22.2 1 0
github.com/LGROW101/assessment-tax/repository/admin.go:24.67,34.16 5 0
github.com/LGROW101/assessment-tax/repository/admin.go:34.16,35.27 1 0
github.com/LGROW101/assessment-tax/repository/admin.go:35.27,37.4 1 0
github.com/LGROW101/assessment-tax/repository/admin.go:38.3,38.18 1 0
github.com/LGROW101/assessment-tax/repository/admin.go:40.2,40.21 1 0
github.com/LGROW101/assessment-tax/repository/admin.go:43.73,51.2 3 0
github.com/LGROW101/assessment-tax/repository/admin.go:53.73,60.2 3 0
github.com/LGROW101/assessment-tax/repository/tax.go:19.49,21.2 1 0
github.com/LGROW101/assessment-tax/repository/tax.go:23.63,47.2 3 0
github.com/LGROW101/assessment-tax/repository/tax.go:49.79,68.16 4 0
github.com/LGROW101/assessment-tax/repository/tax.go:68.16,70.3 1 0
github.com/LGROW101/assessment-tax/repository/tax.go:71.2,73.18 2 0
github.com/LGROW101/assessment-tax/repository/tax.go:73.18,87.17 3 0
github.com/LGROW101/assessment-tax/repository/tax.go:87.17,89.4 1 0
github.com/LGROW101/assessment-tax/repository/tax.go:91.3,91.61 1 0
github.com/LGROW101/assessment-tax/repository/tax.go:94.2,94.35 1 0
github.com/LGROW101/assessment-tax/repository/tax.go:94.35,96.3 1 0
github.com/LGROW101/assessment-tax/repository/tax.go:98.2,98.29 1 0
github.com/LGROW101/assessment-tax/model/admin.go:27.40,28.30 1 0
github.com/LGROW101/assessment-tax/model/admin.go:28.30,29.31 1 0
github.com/LGROW101/assessment-tax/model/admin.go:29.31,31.4 1 0
github.com/LGROW101/assessment-tax/model/admin.go:33.2,33.21 1 0
github.com/LGROW101/assessment-tax/model/admin.go:33.21,34.22 1 0
github.com/LGROW101/assessment-tax/model/admin.go:34.22,36.4 1 0
github.com/LGROW101/assessment-tax/model/admin.go:38.2,38.12 1 0
github.com/LGROW101/assessment-tax/model/tax.go:40.62,42.23 1 0
github.com/LGROW101/assessment-tax/model/tax.go:42.23,44.3 1 0
github.com/LGROW101/assessment-tax/model/tax.go:46.2,46.12 1 0
github.com/LGROW101/assessment-tax/service/admin.go:18.82,22.2 1 0
github.com/LGROW101/assessment-tax/service/admin.go:24.64,26.2 1 0
github.com/LGROW101/assessment-tax/service/admin.go:28.70,30.2 1 0
github.com/LGROW101/assessment-tax/service/taxcalculator.go:19.123,24.2 1 0
github.com/LGROW101/assessment-tax/service/taxcalculator.go:26.86,28.2 1 0
github.com/LGROW101/assessment-tax/service/taxcalculator.go:30.140,32.16 2 0
github.com/LGROW101/assessment-tax/service/taxcalculator.go:32.16,34.3 1 0
github.com/LGROW101/assessment-tax/service/taxcalculator.go:37.2,41.39 4 0
github.com/LGROW101/assessment-tax/service/taxcalculator.go:41.39,42.34 1 0
github.com/LGROW101/assessment-tax/service/taxcalculator.go:43.19,44.49 1 0
github.com/LGROW101/assessment-tax/service/taxcalculator.go:45.20,46.58 1 0
github.com/LGROW101/assessment-tax/service/taxcalculator.go:50.2,53.9 3 0
github.com/LGROW101/assessment-tax/service/taxcalculator.go:54.31,55.10 1 0
github.com/LGROW101/assessment-tax/service/taxcalculator.go:56.31,57.39 1 0
github.com/LGROW101/assessment-tax/service/taxcalculator.go:58.32,59.44 1 0
github.com/LGROW101/assessment-tax/service/taxcalculator.go:60.32,61.45 1 0
github.com/LGROW101/assessment-tax/service/taxcalculator.go:62.10,63.46 1 0
github.com/LGROW101/assessment-tax/service/taxcalculator.go:66.2,69.15 3 0
github.com/LGROW101/assessment-tax/service/taxcalculator.go:69.15,71.3 1 0
github.com/LGROW101/assessment-tax/service/taxcalculator.go:73.2,81.9 2 0
github.com/LGROW101/assessment-tax/service/taxcalculator.go:82.31,83.31 1 0
github.com/LGROW101/assessment-tax/service/taxcalculator.go:84.31,85.31 1 0
github.com/LGROW101/assessment-tax/service/taxcalculator.go:86.32,87.31 1 0
github.com/LGROW101/assessment-tax/service/taxcalculator.go:88.32,89.31 1 0
github.com/LGROW101/assessment-tax/service/taxcalculator.go:90.10,91.31 1 0
github.com/LGROW101/assessment-tax/service/taxcalculator.go:94.2,107.16 3 0
github.com/LGROW101/assessment-tax/service/taxcalculator.go:107.16,109.3 1 0
github.com/LGROW101/assessment-tax/service/taxcalculator.go:111.2,115.20 2 0
github.com/LGROW101/assessment-tax/service/taxcalculator.go:115.20,117.3 1 0
github.com/LGROW101/assessment-tax/service/taxcalculator.go:117.8,117.26 1 0
github.com/LGROW101/assessment-tax/service/taxcalculator.go:117.26,119.3 1 0
github.com/LGROW101/assessment-tax/service/taxcalculator.go:121.2,121.25 1 0
github.com/LGROW101/assessment-tax/service/taxcsv.go:23.109,28.2 1 0
github.com/LGROW101/assessment-tax/service/taxcsv.go:30.83,37.6 5 0
github.com/LGROW101/assessment-tax/service/taxcsv.go:37.6,39.20 2 0
github.com/LGROW101/assessment-tax/service/taxcsv.go:39.20,40.9 1 0
github.com/LGROW101/assessment-tax/service/taxcsv.go:42.3,42.17 1 0
github.com/LGROW101/assessment-tax/service/taxcsv.go:42.17,44.4 1 0
github.com/LGROW101/assessment-tax/service/taxcsv.go:46.3,47.17 2 0
github.com/LGROW101/assessment-tax/service/taxcsv.go:47.17,49.4 1 0
github.com/LGROW101/assessment-tax/service/taxcsv.go:51.3,52.17 2 0
github.com/LGROW101/assessment-tax/service/taxcsv.go:52.17,54.4 1 0
github.com/LGROW101/assessment-tax/service/taxcsv.go:56.3,60.20 2 0
github.com/LGROW101/assessment-tax/service/taxcsv.go:60.20,62.4 1 0
github.com/LGROW101/assessment-tax/service/taxcsv.go:62.9,64.4 1 0
github.com/LGROW101/assessment-tax/service/taxcsv.go:66.3,66.35 1 0
github.com/LGROW101/assessment-tax/service/taxcsv.go:69.2,69.19 1 0
github.com/LGROW101/assessment-tax/service/taxcsv.go:72.100,75.16 2 0
github.com/LGROW101/assessment-tax/service/taxcsv.go:75.16,77.3 1 0
github.com/LGROW101/assessment-tax/service/taxcsv.go:79.2,84.9 4 0
github.com/LGROW101/assessment-tax/service/taxcsv.go:85.26,86.10 1 0
github.com/LGROW101/assessment-tax/service/taxcsv.go:87.31,88.29 1 0
github.com/LGROW101/assessment-tax/service/taxcsv.go:89.31,90.43 1 0
github.com/LGROW101/assessment-tax/service/taxcsv.go:91.31,92.44 1 0
github.com/LGROW101/assessment-tax/service/taxcsv.go:93.31,94.44 1 0
github.com/LGROW101/assessment-tax/service/taxcsv.go:95.32,96.44 1 0
github.com/LGROW101/assessment-tax/service/taxcsv.go:97.32,98.46 1 0
github.com/LGROW101/assessment-tax/service/taxcsv.go:99.32,100.46 1 0
github.com/LGROW101/assessment-tax/service/taxcsv.go:101.10,102.47 1 0
github.com/LGROW101/assessment-tax/service/taxcsv.go:106.2,108.20 3 0
github.com/LGROW101/assessment-tax/service/taxcsv.go:108.20,111.3 2 0
github.com/LGROW101/assessment-tax/service/taxcsv.go:113.2,113.35 1 0
github.com/LGROW101/assessment-tax/service/taxcsv.go:116.70,120.21 3 0
github.com/LGROW101/assessment-tax/service/taxcsv.go:120.21,122.17 2 0
github.com/LGROW101/assessment-tax/service/taxcsv.go:122.17,124.4 1 0
github.com/LGROW101/assessment-tax/service/taxcsv.go:127.2,127.21 1 0
github.com/LGROW101/assessment-tax/service/taxcsv.go:127.21,129.17 2 0
github.com/LGROW101/assessment-tax/service/taxcsv.go:129.17,131.4 1 0
github.com/LGROW101/assessment-tax/service/taxcsv.go:134.2,134.21 1 0
github.com/LGROW101/assessment-tax/service/taxcsv.go:134.21,136.17 2 0
github.com/LGROW101/assessment-tax/service/taxcsv.go:136.17,138.4 1 0
github.com/LGROW101/assessment-tax/service/taxcsv.go:141.2,141.40 1 0
github.com/LGROW101/assessment-tax/service/taxcsv.go:144.57,145.41 1 0
github.com/LGROW101/assessment-tax/service/taxcsv.go:145.41,147.17 2 0
github.com/LGROW101/assessment-tax/service/taxcsv.go:147.17,149.4 1 0
github.com/LGROW101/assessment-tax/service/taxcsv.go:150.3,150.31 1 0
github.com/LGROW101/assessment-tax/service/taxcsv.go:152.2,153.16 2 0
github.com/LGROW101/assessment-tax/service/taxcsv.go:153.16,155.3 1 0
github.com/LGROW101/assessment-tax/service/taxcsv.go:156.2,156.22 1 0
github.com/LGROW101/assessment-tax/tests/repository/mocks/admin_mock.go:26.75,30.2 3 0
github.com/LGROW101/assessment-tax/tests/repository/mocks/admin_mock.go:33.73,35.2 1 0
github.com/LGROW101/assessment-tax/tests/repository/mocks/admin_mock.go:38.71,44.2 5 0
github.com/LGROW101/assessment-tax/tests/repository/mocks/admin_mock.go:47.69,50.2 2 0
github.com/LGROW101/assessment-tax/tests/repository/mocks/admin_mock.go:53.77,58.2 4 0
github.com/LGROW101/assessment-tax/tests/repository/mocks/admin_mock.go:61.90,64.2 2 0
github.com/LGROW101/assessment-tax/tests/repository/mocks/admin_mock.go:67.77,72.2 4 0
github.com/LGROW101/assessment-tax/tests/repository/mocks/admin_mock.go:75.90,78.2 2 0
github.com/LGROW101/assessment-tax/tests/repository/mocks/tax_mock.go:26.71,30.2 3 0
github.com/LGROW101/assessment-tax/tests/repository/mocks/tax_mock.go:33.69,35.2 1 0
github.com/LGROW101/assessment-tax/tests/repository/mocks/tax_mock.go:38.83,44.2 5 0
github.com/LGROW101/assessment-tax/tests/repository/mocks/tax_mock.go:47.76,50.2 2 0
github.com/LGROW101/assessment-tax/tests/repository/mocks/tax_mock.go:53.67,58.2 4 0
github.com/LGROW101/assessment-tax/tests/repository/mocks/tax_mock.go:61.77,64.2 2 0
github.com/LGROW101/assessment-tax/tests/service/mocks/admin_mock.go:26.87,30.2 3 0
github.com/LGROW101/assessment-tax/tests/service/mocks/admin_mock.go:33.85,35.2 1 0
github.com/LGROW101/assessment-tax/tests/service/mocks/admin_mock.go:38.77,44.2 5 0
github.com/LGROW101/assessment-tax/tests/service/mocks/admin_mock.go:47.75,50.2 2 0
github.com/LGROW101/assessment-tax/tests/service/mocks/admin_mock.go:53.83,58.2 4 0
github.com/LGROW101/assessment-tax/tests/service/mocks/admin_mock.go:61.96,64.2 2 0
github.com/LGROW101/assessment-tax/tests/service/mocks/taxcalculator_mock.go:26.85,30.2 3 0
github.com/LGROW101/assessment-tax/tests/service/mocks/taxcalculator_mock.go:33.83,35.2 1 0
github.com/LGROW101/assessment-tax/tests/service/mocks/taxcalculator_mock.go:38.144,44.2 5 0
github.com/LGROW101/assessment-tax/tests/service/mocks/taxcalculator_mock.go:47.117,50.2 2 0
github.com/LGROW101/assessment-tax/tests/service/mocks/taxcalculator_mock.go:53.90,59.2 5 0
github.com/LGROW101/assessment-tax/tests/service/mocks/taxcalculator_mock.go:62.83,65.2 2 0
github.com/LGROW101/assessment-tax/tests/service/mocks/taxcsv_mock.go:26.71,30.2 3 0
github.com/LGROW101/assessment-tax/tests/service/mocks/taxcsv_mock.go:33.69,35.2 1 0
github.com/LGROW101/assessment-tax/tests/service/mocks/taxcsv_mock.go:38.104,45.2 6 0
github.com/LGROW101/assessment-tax/tests/service/mocks/taxcsv_mock.go:48.108,51.2 2 0
github.com/LGROW101/assessment-tax/tests/service/mocks/taxcsv_mock.go:54.87,60.2 5 0
github.com/LGROW101/assessment-tax/tests/service/mocks/taxcsv_mock.go:63.85,66.2 2 0
github.com/LGROW101/assessment-tax/model/admin.go:27.40,28.30 1 0
github.com/LGROW101/assessment-tax/model/admin.go:28.30,29.31 1 0
github.com/LGROW101/assessment-tax/model/admin.go:29.31,31.4 1 0
github.com/LGROW101/assessment-tax/model/admin.go:33.2,33.21 1 0
github.com/LGROW101/assessment-tax/model/admin.go:33.21,34.22 1 0
github.com/LGROW101/assessment-tax/model/admin.go:34.22,36.4 1 0
github.com/LGROW101/assessment-tax/model/admin.go:38.2,38.12 1 0
github.com/LGROW101/assessment-tax/model/tax.go:40.62,42.23 1 0
github.com/LGROW101/assessment-tax/model/tax.go:42.23,44.3 1 0
github.com/LGROW101/assessment-tax/model/tax.go:46.2,46.12 1 0
github.com/LGROW101/assessment-tax/repository/admin.go:20.53,22.2 1 3
github.com/LGROW101/assessment-tax/repository/admin.go:24.67,34.16 5 2
github.com/LGROW101/assessment-tax/repository/admin.go:34.16,35.27 1 1
github.com/LGROW101/assessment-tax/repository/admin.go:35.27,37.4 1 1
github.com/LGROW101/assessment-tax/repository/admin.go:38.3,38.18 1 0
github.com/LGROW101/assessment-tax/repository/admin.go:40.2,40.21 1 1
github.com/LGROW101/assessment-tax/repository/admin.go:43.73,51.2 3 1
github.com/LGROW101/assessment-tax/repository/admin.go:53.73,60.2 3 1
github.com/LGROW101/assessment-tax/repository/tax.go:19.49,21.2 1 2
github.com/LGROW101/assessment-tax/repository/tax.go:23.63,47.2 3 2
github.com/LGROW101/assessment-tax/repository/tax.go:49.79,68.16 4 3
github.com/LGROW101/assessment-tax/repository/tax.go:68.16,70.3 1 1
github.com/LGROW101/assessment-tax/repository/tax.go:71.2,73.18 2 2
github.com/LGROW101/assessment-tax/repository/tax.go:73.18,87.17 3 3
github.com/LGROW101/assessment-tax/repository/tax.go:87.17,89.4 1 1
github.com/LGROW101/assessment-tax/repository/tax.go:91.3,91.61 1 2
github.com/LGROW101/assessment-tax/repository/tax.go:94.2,94.35 1 1
github.com/LGROW101/assessment-tax/repository/tax.go:94.35,96.3 1 0
github.com/LGROW101/assessment-tax/repository/tax.go:98.2,98.29 1 1
github.com/LGROW101/assessment-tax/handler/admin.go:16.74,20.2 1 8
github.com/LGROW101/assessment-tax/handler/admin.go:22.56,24.16 2 3
github.com/LGROW101/assessment-tax/handler/admin.go:24.16,26.3 1 1
github.com/LGROW101/assessment-tax/handler/admin.go:28.2,28.19 1 2
github.com/LGROW101/assessment-tax/handler/admin.go:28.19,30.3 1 1
github.com/LGROW101/assessment-tax/handler/admin.go:32.2,36.36 2 1
github.com/LGROW101/assessment-tax/handler/admin.go:39.59,41.37 2 5
github.com/LGROW101/assessment-tax/handler/admin.go:41.37,43.3 1 1
github.com/LGROW101/assessment-tax/handler/admin.go:45.2,46.16 2 4
github.com/LGROW101/assessment-tax/handler/admin.go:46.16,48.3 1 0
github.com/LGROW101/assessment-tax/handler/admin.go:50.2,50.19 1 4
github.com/LGROW101/assessment-tax/handler/admin.go:50.19,53.17 3 1
github.com/LGROW101/assessment-tax/handler/admin.go:53.17,55.4 1 1
github.com/LGROW101/assessment-tax/handler/admin.go:58.2,58.34 1 3
github.com/LGROW101/assessment-tax/handler/admin.go:58.34,60.3 1 3
github.com/LGROW101/assessment-tax/handler/admin.go:61.2,61.25 1 3
github.com/LGROW101/assessment-tax/handler/admin.go:61.25,63.3 1 0
github.com/LGROW101/assessment-tax/handler/admin.go:65.2,65.42 1 3
github.com/LGROW101/assessment-tax/handler/admin.go:65.42,67.3 1 1
github.com/LGROW101/assessment-tax/handler/admin.go:69.2,70.16 2 2
github.com/LGROW101/assessment-tax/handler/admin.go:70.16,72.3 1 1
github.com/LGROW101/assessment-tax/handler/admin.go:74.2,75.34 2 1
github.com/LGROW101/assessment-tax/handler/admin.go:75.34,77.3 1 1
github.com/LGROW101/assessment-tax/handler/admin.go:78.2,78.25 1 1
github.com/LGROW101/assessment-tax/handler/admin.go:78.25,80.3 1 0
github.com/LGROW101/assessment-tax/handler/admin.go:82.2,82.36 1 1
github.com/LGROW101/assessment-tax/handler/calculator.go:16.97,20.2 1 7
github.com/LGROW101/assessment-tax/handler/calculator.go:35.64,37.37 2 7
github.com/LGROW101/assessment-tax/handler/calculator.go:37.37,39.3 1 0
github.com/LGROW101/assessment-tax/handler/calculator.go:41.2,41.68 1 7
github.com/LGROW101/assessment-tax/handler/calculator.go:41.68,43.3 1 4
github.com/LGROW101/assessment-tax/handler/calculator.go:45.2,46.16 2 3
github.com/LGROW101/assessment-tax/handler/calculator.go:46.16,48.3 1 1
github.com/LGROW101/assessment-tax/handler/calculator.go:50.2,52.86 2 2
github.com/LGROW101/assessment-tax/handler/calculator.go:52.86,54.3 1 0
github.com/LGROW101/assessment-tax/handler/calculator.go:54.8,54.81 1 2
github.com/LGROW101/assessment-tax/handler/calculator.go:54.81,56.3 1 2
github.com/LGROW101/assessment-tax/handler/calculator.go:58.2,58.25 1 2
github.com/LGROW101/assessment-tax/handler/calculator.go:58.25,60.3 1 1
github.com/LGROW101/assessment-tax/handler/calculator.go:62.2,62.40 1 2
github.com/LGROW101/assessment-tax/handler/calculator.go:64.70,66.16 2 2
github.com/LGROW101/assessment-tax/handler/calculator.go:66.16,68.3 1 1
github.com/LGROW101/assessment-tax/handler/calculator.go:70.2,70.47 1 1
github.com/LGROW101/assessment-tax/handler/csv.go:14.69,18.2 1 6
github.com/LGROW101/assessment-tax/handler/csv.go:20.54,22.16 2 6
github.com/LGROW101/assessment-tax/handler/csv.go:22.16,24.3 1 2
github.com/LGROW101/assessment-tax/handler/csv.go:26.2,27.16 2 4
github.com/LGROW101/assessment-tax/handler/csv.go:27.16,29.3 1 0
github.com/LGROW101/assessment-tax/handler/csv.go:30.2,33.16 3 4
github.com/LGROW101/assessment-tax/handler/csv.go:33.16,35.3 1 2
github.com/LGROW101/assessment-tax/handler/csv.go:37.2,37.70 1 2
github.com/LGROW101/assessment-tax/model/admin.go:27.40,28.30 1 3
github.com/LGROW101/assessment-tax/model/admin.go:28.30,29.31 1 3
github.com/LGROW101/assessment-tax/model/admin.go:29.31,31.4 1 1
github.com/LGROW101/assessment-tax/model/admin.go:33.2,33.21 1 2
github.com/LGROW101/assessment-tax/model/admin.go:33.21,34.22 1 2
github.com/LGROW101/assessment-tax/model/admin.go:34.22,36.4 1 0
github.com/LGROW101/assessment-tax/model/admin.go:38.2,38.12 1 2
github.com/LGROW101/assessment-tax/model/tax.go:40.62,42.23 1 0
github.com/LGROW101/assessment-tax/model/tax.go:42.23,44.3 1 0
github.com/LGROW101/assessment-tax/model/tax.go:46.2,46.12 1 0
github.com/LGROW101/assessment-tax/repository/admin.go:20.53,22.2 1 0
github.com/LGROW101/assessment-tax/repository/admin.go:24.67,34.16 5 0
github.com/LGROW101/assessment-tax/repository/admin.go:34.16,35.27 1 0
github.com/LGROW101/assessment-tax/repository/admin.go:35.27,37.4 1 0
github.com/LGROW101/assessment-tax/repository/admin.go:38.3,38.18 1 0
github.com/LGROW101/assessment-tax/repository/admin.go:40.2,40.21 1 0
github.com/LGROW101/assessment-tax/repository/admin.go:43.73,51.2 3 0
github.com/LGROW101/assessment-tax/repository/admin.go:53.73,60.2 3 0
github.com/LGROW101/assessment-tax/repository/tax.go:19.49,21.2 1 0
github.com/LGROW101/assessment-tax/repository/tax.go:23.63,47.2 3 0
github.com/LGROW101/assessment-tax/repository/tax.go:49.79,68.16 4 0
github.com/LGROW101/assessment-tax/repository/tax.go:68.16,70.3 1 0
github.com/LGROW101/assessment-tax/repository/tax.go:71.2,73.18 2 0
github.com/LGROW101/assessment-tax/repository/tax.go:73.18,87.17 3 0
github.com/LGROW101/assessment-tax/repository/tax.go:87.17,89.4 1 0
github.com/LGROW101/assessment-tax/repository/tax.go:91.3,91.61 1 0
github.com/LGROW101/assessment-tax/repository/tax.go:94.2,94.35 1 0
github.com/LGROW101/assessment-tax/repository/tax.go:94.35,96.3 1 0
github.com/LGROW101/assessment-tax/repository/tax.go:98.2,98.29 1 0
github.com/LGROW101/assessment-tax/service/admin.go:18.82,22.2 1 0
github.com/LGROW101/assessment-tax/service/admin.go:24.64,26.2 1 0
github.com/LGROW101/assessment-tax/service/admin.go:28.70,30.2 1 0
github.com/LGROW101/assessment-tax/service/taxcalculator.go:19.123,24.2 1 0
github.com/LGROW101/assessment-tax/service/taxcalculator.go:26.86,28.2 1 0
github.com/LGROW101/assessment-tax/service/taxcalculator.go:30.140,32.16 2 0
github.com/LGROW101/assessment-tax/service/taxcalculator.go:32.16,34.3 1 0
github.com/LGROW101/assessment-tax/service/taxcalculator.go:37.2,41.39 4 0
github.com/LGROW101/assessment-tax/service/taxcalculator.go:41.39,42.34 1 0
github.com/LGROW101/assessment-tax/service/taxcalculator.go:43.19,44.49 1 0
github.com/LGROW101/assessment-tax/service/taxcalculator.go:45.20,46.58 1 0
github.com/LGROW101/assessment-tax/service/taxcalculator.go:50.2,53.9 3 0
github.com/LGROW101/assessment-tax/service/taxcalculator.go:54.31,55.10 1 0
github.com/LGROW101/assessment-tax/service/taxcalculator.go:56.31,57.39 1 0
github.com/LGROW101/assessment-tax/service/taxcalculator.go:58.32,59.44 1 0
github.com/LGROW101/assessment-tax/service/taxcalculator.go:60.32,61.45 1 0
github.com/LGROW101/assessment-tax/service/taxcalculator.go:62.10,63.46 1 0
github.com/LGROW101/assessment-tax/service/taxcalculator.go:66.2,69.15 3 0
github.com/LGROW101/assessment-tax/service/taxcalculator.go:69.15,71.3 1 0
github.com/LGROW101/assessment-tax/service/taxcalculator.go:73.2,81.9 2 0
github.com/LGROW101/assessment-tax/service/taxcalculator.go:82.31,83.31 1 0
github.com/LGROW101/assessment-tax/service/taxcalculator.go:84.31,85.31 1 0
github.com/LGROW101/assessment-tax/service/taxcalculator.go:86.32,87.31 1 0
github.com/LGROW101/assessment-tax/service/taxcalculator.go:88.32,89.31 1 0
github.com/LGROW101/assessment-tax/service/taxcalculator.go:90.10,91.31 1 0
github.com/LGROW101/assessment-tax/service/taxcalculator.go:94.2,107.16 3 0
github.com/LGROW101/assessment-tax/service/taxcalculator.go:107.16,109.3 1 0
github.com/LGROW101/assessment-tax/service/taxcalculator.go:111.2,115.20 2 0
github.com/LGROW101/assessment-tax/service/taxcalculator.go:115.20,117.3 1 0
github.com/LGROW101/assessment-tax/service/taxcalculator.go:117.8,117.26 1 0
github.com/LGROW101/assessment-tax/service/taxcalculator.go:117.26,119.3 1 0
github.com/LGROW101/assessment-tax/service/taxcalculator.go:121.2,121.25 1 0
github.com/LGROW101/assessment-tax/service/taxcsv.go:23.109,28.2 1 0
github.com/LGROW101/assessment-tax/service/taxcsv.go:30.83,37.6 5 0
github.com/LGROW101/assessment-tax/service/taxcsv.go:37.6,39.20 2 0
github.com/LGROW101/assessment-tax/service/taxcsv.go:39.20,40.9 1 0
github.com/LGROW101/assessment-tax/service/taxcsv.go:42.3,42.17 1 0
github.com/LGROW101/assessment-tax/service/taxcsv.go:42.17,44.4 1 0
github.com/LGROW101/assessment-tax/service/taxcsv.go:46.3,47.17 2 0
github.com/LGROW101/assessment-tax/service/taxcsv.go:47.17,49.4 1 0
github.com/LGROW101/assessment-tax/service/taxcsv.go:51.3,52.17 2 0
github.com/LGROW101/assessment-tax/service/taxcsv.go:52.17,54.4 1 0
github.com/LGROW101/assessment-tax/service/taxcsv.go:56.3,60.20 2 0
github.com/LGROW101/assessment-tax/service/taxcsv.go:60.20,62.4 1 0
github.com/LGROW101/assessment-tax/service/taxcsv.go:62.9,64.4 1 0
github.com/LGROW101/assessment-tax/service/taxcsv.go:66.3,66.35 1 0
github.com/LGROW101/assessment-tax/service/taxcsv.go:69.2,69.19 1 0
github.com/LGROW101/assessment-tax/service/taxcsv.go:72.100,75.16 2 0
github.com/LGROW101/assessment-tax/service/taxcsv.go:75.16,77.3 1 0
github.com/LGROW101/assessment-tax/service/taxcsv.go:79.2,84.9 4 0
github.com/LGROW101/assessment-tax/service/taxcsv.go:85.26,86.10 1 0
github.com/LGROW101/assessment-tax/service/taxcsv.go:87.31,88.29 1 0
github.com/LGROW101/assessment-tax/service/taxcsv.go:89.31,90.43 1 0
github.com/LGROW101/assessment-tax/service/taxcsv.go:91.31,92.44 1 0
github.com/LGROW101/assessment-tax/service/taxcsv.go:93.31,94.44 1 0
github.com/LGROW101/assessment-tax/service/taxcsv.go:95.32,96.44 1 0
github.com/LGROW101/assessment-tax/service/taxcsv.go:97.32,98.46 1 0
github.com/LGROW101/assessment-tax/service/taxcsv.go:99.32,100.46 1 0
github.com/LGROW101/assessment-tax/service/taxcsv.go:101.10,102.47 1 0
github.com/LGROW101/assessment-tax/service/taxcsv.go:106.2,108.20 3 0
github.com/LGROW101/assessment-tax/service/taxcsv.go:108.20,111.3 2 0
github.com/LGROW101/assessment-tax/service/taxcsv.go:113.2,113.35 1 0
github.com/LGROW101/assessment-tax/service/taxcsv.go:116.70,120.21 3 0
github.com/LGROW101/assessment-tax/service/taxcsv.go:120.21,122.17 2 0
github.com/LGROW101/assessment-tax/service/taxcsv.go:122.17,124.4 1 0
github.com/LGROW101/assessment-tax/service/taxcsv.go:127.2,127.21 1 0
github.com/LGROW101/assessment-tax/service/taxcsv.go:127.21,129.17 2 0
github.com/LGROW101/assessment-tax/service/taxcsv.go:129.17,131.4 1 0
github.com/LGROW101/assessment-tax/service/taxcsv.go:134.2,134.21 1 0
github.com/LGROW101/assessment-tax/service/taxcsv.go:134.21,136.17 2 0
github.com/LGROW101/assessment-tax/service/taxcsv.go:136.17,138.4 1 0
github.com/LGROW101/assessment-tax/service/taxcsv.go:141.2,141.40 1 0
github.com/LGROW101/assessment-tax/service/taxcsv.go:144.57,145.41 1 0
github.com/LGROW101/assessment-tax/service/taxcsv.go:145.41,147.17 2 0
github.com/LGROW101/assessment-tax/service/taxcsv.go:147.17,149.4 1 0
github.com/LGROW101/assessment-tax/service/taxcsv.go:150.3,150.31 1 0
github.com/LGROW101/assessment-tax/service/taxcsv.go:152.2,153.16 2 0
github.com/LGROW101/assessment-tax/service/taxcsv.go:153.16,155.3 1 0
github.com/LGROW101/assessment-tax/service/taxcsv.go:156.2,156.22 1 0
github.com/LGROW101/assessment-tax/tests/repository/mocks/admin_mock.go:26.75,30.2 3 8
github.com/LGROW101/assessment-tax/tests/repository/mocks/admin_mock.go:33.73,35.2 1 10
github.com/LGROW101/assessment-tax/tests/repository/mocks/admin_mock.go:38.71,44.2 5 7
github.com/LGROW101/assessment-tax/tests/repository/mocks/admin_mock.go:47.69,50.2 2 7
github.com/LGROW101/assessment-tax/tests/repository/mocks/admin_mock.go:53.77,58.2 4 1
github.com/LGROW101/assessment-tax/tests/repository/mocks/admin_mock.go:61.90,64.2 2 1
github.com/LGROW101/assessment-tax/tests/repository/mocks/admin_mock.go:67.77,72.2 4 2
github.com/LGROW101/assessment-tax/tests/repository/mocks/admin_mock.go:75.90,78.2 2 2
github.com/LGROW101/assessment-tax/tests/repository/mocks/tax_mock.go:26.71,30.2 3 0
github.com/LGROW101/assessment-tax/tests/repository/mocks/tax_mock.go:33.69,35.2 1 0
github.com/LGROW101/assessment-tax/tests/repository/mocks/tax_mock.go:38.83,44.2 5 0
github.com/LGROW101/assessment-tax/tests/repository/mocks/tax_mock.go:47.76,50.2 2 0
github.com/LGROW101/assessment-tax/tests/repository/mocks/tax_mock.go:53.67,58.2 4 0
github.com/LGROW101/assessment-tax/tests/repository/mocks/tax_mock.go:61.77,64.2 2 0
github.com/LGROW101/assessment-tax/tests/service/mocks/admin_mock.go:26.87,30.2 3 0
github.com/LGROW101/assessment-tax/tests/service/mocks/admin_mock.go:33.85,35.2 1 0
github.com/LGROW101/assessment-tax/tests/service/mocks/admin_mock.go:38.77,44.2 5 0
github.com/LGROW101/assessment-tax/tests/service/mocks/admin_mock.go:47.75,50.2 2 0
github.com/LGROW101/assessment-tax/tests/service/mocks/admin_mock.go:53.83,58.2 4 0
github.com/LGROW101/assessment-tax/tests/service/mocks/admin_mock.go:61.96,64.2 2 0
github.com/LGROW101/assessment-tax/tests/service/mocks/taxcalculator_mock.go:26.85,30.2 3 7
github.com/LGROW101/assessment-tax/tests/service/mocks/taxcalculator_mock.go:33.83,35.2 1 6
github.com/LGROW101/assessment-tax/tests/service/mocks/taxcalculator_mock.go:38.144,44.2 5 3
github.com/LGROW101/assessment-tax/tests/service/mocks/taxcalculator_mock.go:47.117,50.2 2 4
github.com/LGROW101/assessment-tax/tests/service/mocks/taxcalculator_mock.go:53.90,59.2 5 2
github.com/LGROW101/assessment-tax/tests/service/mocks/taxcalculator_mock.go:62.83,65.2 2 2
github.com/LGROW101/assessment-tax/tests/service/mocks/taxcsv_mock.go:26.71,30.2 3 6
github.com/LGROW101/assessment-tax/tests/service/mocks/taxcsv_mock.go:33.69,35.2 1 4
github.com/LGROW101/assessment-tax/tests/service/mocks/taxcsv_mock.go:38.104,45.2 6 0
github.com/LGROW101/assessment-tax/tests/service/mocks/taxcsv_mock.go:48.108,51.2 2 0
github.com/LGROW101/assessment-tax/tests/service/mocks/taxcsv_mock.go:54.87,60.2 5 4
github.com/LGROW101/assessment-tax/tests/service/mocks/taxcsv_mock.go:63.85,66.2 2 4
github.com/LGROW101/assessment-tax/model/admin.go:27.40,28.30 1 0
github.com/LGROW101/assessment-tax/model/admin.go:28.30,29.31 1 0
github.com/LGROW101/assessment-tax/model/admin.go:29.31,31.4 1 0
github.com/LGROW101/assessment-tax/model/admin.go:33.2,33.21 1 0
github.com/LGROW101/assessment-tax/model/admin.go:33.21,34.22 1 0
github.com/LGROW101/assessment-tax/model/admin.go:34.22,36.4 1 0
github.com/LGROW101/assessment-tax/model/admin.go:38.2,38.12 1 0
github.com/LGROW101/assessment-tax/model/tax.go:40.62,42.23 1 0
github.com/LGROW101/assessment-tax/model/tax.go:42.23,44.3 1 0
github.com/LGROW101/assessment-tax/model/tax.go:46.2,46.12 1 0
github.com/LGROW101/assessment-tax/repository/admin.go:20.53,22.2 1 0
github.com/LGROW101/assessment-tax/repository/admin.go:24.67,34.16 5 0
github.com/LGROW101/assessment-tax/repository/admin.go:34.16,35.27 1 0
github.com/LGROW101/assessment-tax/repository/admin.go:35.27,37.4 1 0
github.com/LGROW101/assessment-tax/repository/admin.go:38.3,38.18 1 0
github.com/LGROW101/assessment-tax/repository/admin.go:40.2,40.21 1 0
github.com/LGROW101/assessment-tax/repository/admin.go:43.73,51.2 3 0
github.com/LGROW101/assessment-tax/repository/admin.go:53.73,60.2 3 0
github.com/LGROW101/assessment-tax/repository/tax.go:19.49,21.2 1 0
github.com/LGROW101/assessment-tax/repository/tax.go:23.63,47.2 3 0
github.com/LGROW101/assessment-tax/repository/tax.go:49.79,68.16 4 0
github.com/LGROW101/assessment-tax/repository/tax.go:68.16,70.3 1 0
github.com/LGROW101/assessment-tax/repository/tax.go:71.2,73.18 2 0
github.com/LGROW101/assessment-tax/repository/tax.go:73.18,87.17 3 0
github.com/LGROW101/assessment-tax/repository/tax.go:87.17,89.4 1 0
github.com/LGROW101/assessment-tax/repository/tax.go:91.3,91.61 1 0
github.com/LGROW101/assessment-tax/repository/tax.go:94.2,94.35 1 0
github.com/LGROW101/assessment-tax/repository/tax.go:94.35,96.3 1 0
github.com/LGROW101/assessment-tax/repository/tax.go:98.2,98.29 1 0
github.com/LGROW101/assessment-tax/service/admin.go:18.82,22.2 1 6
github.com/LGROW101/assessment-tax/service/admin.go:24.64,26.2 1 8
github.com/LGROW101/assessment-tax/service/admin.go:28.70,30.2 1 1
github.com/LGROW101/assessment-tax/service/taxcalculator.go:19.123,24.2 1 2
github.com/LGROW101/assessment-tax/service/taxcalculator.go:26.86,28.2 1 1
github.com/LGROW101/assessment-tax/service/taxcalculator.go:30.140,32.16 2 1
github.com/LGROW101/assessment-tax/service/taxcalculator.go:32.16,34.3 1 0
github.com/LGROW101/assessment-tax/service/taxcalculator.go:37.2,41.39 4 1
github.com/LGROW101/assessment-tax/service/taxcalculator.go:41.39,42.34 1 2
github.com/LGROW101/assessment-tax/service/taxcalculator.go:43.19,44.49 1 1
github.com/LGROW101/assessment-tax/service/taxcalculator.go:45.20,46.58 1 1
github.com/LGROW101/assessment-tax/service/taxcalculator.go:50.2,53.9 3 1
github.com/LGROW101/assessment-tax/service/taxcalculator.go:54.31,55.10 1 0
github.com/LGROW101/assessment-tax/service/taxcalculator.go:56.31,57.39 1 0
github.com/LGROW101/assessment-tax/service/taxcalculator.go:58.32,59.44 1 1
github.com/LGROW101/assessment-tax/service/taxcalculator.go:60.32,61.45 1 0
github.com/LGROW101/assessment-tax/service/taxcalculator.go:62.10,63.46 1 0
github.com/LGROW101/assessment-tax/service/taxcalculator.go:66.2,69.15 3 1
github.com/LGROW101/assessment-tax/service/taxcalculator.go:69.15,71.3 1 1
github.com/LGROW101/assessment-tax/service/taxcalculator.go:73.2,81.9 2 1
github.com/LGROW101/assessment-tax/service/taxcalculator.go:82.31,83.31 1 0
github.com/LGROW101/assessment-tax/service/taxcalculator.go:84.31,85.31 1 0
github.com/LGROW101/assessment-tax/service/taxcalculator.go:86.32,87.31 1 1
github.com/LGROW101/assessment-tax/service/taxcalculator.go:88.32,89.31 1 0
github.com/LGROW101/assessment-tax/service/taxcalculator.go:90.10,91.31 1 0
github.com/LGROW101/assessment-tax/service/taxcalculator.go:94.2,107.16 3 1
github.com/LGROW101/assessment-tax/service/taxcalculator.go:107.16,109.3 1 0
github.com/LGROW101/assessment-tax/service/taxcalculator.go:111.2,115.20 2 1
github.com/LGROW101/assessment-tax/service/taxcalculator.go:115.20,117.3 1 0
github.com/LGROW101/assessment-tax/service/taxcalculator.go:117.8,117.26 1 1
github.com/LGROW101/assessment-tax/service/taxcalculator.go:117.26,119.3 1 1
github.com/LGROW101/assessment-tax/service/taxcalculator.go:121.2,121.25 1 1
github.com/LGROW101/assessment-tax/service/taxcsv.go:23.109,28.2 1 2
github.com/LGROW101/assessment-tax/service/taxcsv.go:30.83,37.6 5 1
github.com/LGROW101/assessment-tax/service/taxcsv.go:37.6,39.20 2 4
github.com/LGROW101/assessment-tax/service/taxcsv.go:39.20,40.9 1 1
github.com/LGROW101/assessment-tax/service/taxcsv.go:42.3,42.17 1 3
github.com/LGROW101/assessment-tax/service/taxcsv.go:42.17,44.4 1 0
github.com/LGROW101/assessment-tax/service/taxcsv.go:46.3,47.17 2 3
github.com/LGROW101/assessment-tax/service/taxcsv.go:47.17,49.4 1 0
github.com/LGROW101/assessment-tax/service/taxcsv.go:51.3,52.17 2 3
github.com/LGROW101/assessment-tax/service/taxcsv.go:52.17,54.4 1 0
github.com/LGROW101/assessment-tax/service/taxcsv.go:56.3,60.20 2 3
github.com/LGROW101/assessment-tax/service/taxcsv.go:60.20,62.4 1 1
github.com/LGROW101/assessment-tax/service/taxcsv.go:62.9,64.4 1 2
github.com/LGROW101/assessment-tax/service/taxcsv.go:66.3,66.35 1 3
github.com/LGROW101/assessment-tax/service/taxcsv.go:69.2,69.19 1 1
github.com/LGROW101/assessment-tax/service/taxcsv.go:72.100,75.16 2 6
github.com/LGROW101/assessment-tax/service/taxcsv.go:75.16,77.3 1 0
github.com/LGROW101/assessment-tax/service/taxcsv.go:79.2,84.9 4 6
github.com/LGROW101/assessment-tax/service/taxcsv.go:85.26,86.10 1 0
github.com/LGROW101/assessment-tax/service/taxcsv.go:87.31,88.29 1 0
github.com/LGROW101/assessment-tax/service/taxcsv.go:89.31,90.43 1 0
github.com/LGROW101/assessment-tax/service/taxcsv.go:91.31,92.44 1 2
github.com/LGROW101/assessment-tax/service/taxcsv.go:93.31,94.44 1 4
github.com/LGROW101/assessment-tax/service/taxcsv.go:95.32,96.44 1 0
github.com/LGROW101/assessment-tax/service/taxcsv.go:97.32,98.46 1 0
github.com/LGROW101/assessment-tax/service/taxcsv.go:99.32,100.46 1 0
github.com/LGROW101/assessment-tax/service/taxcsv.go:101.10,102.47 1 0
github.com/LGROW101/assessment-tax/service/taxcsv.go:106.2,108.20 3 6
github.com/LGROW101/assessment-tax/service/taxcsv.go:108.20,111.3 2 2
github.com/LGROW101/assessment-tax/service/taxcsv.go:113.2,113.35 1 6
github.com/LGROW101/assessment-tax/service/taxcsv.go:116.70,120.21 3 8
github.com/LGROW101/assessment-tax/service/taxcsv.go:120.21,122.17 2 8
github.com/LGROW101/assessment-tax/service/taxcsv.go:122.17,124.4 1 1
github.com/LGROW101/assessment-tax/service/taxcsv.go:127.2,127.21 1 7
github.com/LGROW101/assessment-tax/service/taxcsv.go:127.21,129.17 2 7
github.com/LGROW101/assessment-tax/service/taxcsv.go:129.17,131.4 1 1
github.com/LGROW101/assessment-tax/service/taxcsv.go:134.2,134.21 1 6
github.com/LGROW101/assessment-tax/service/taxcsv.go:134.21,136.17 2 6
github.com/LGROW101/assessment-tax/service/taxcsv.go:136.17,138.4 1 1
github.com/LGROW101/assessment-tax/service/taxcsv.go:141.2,141.40 1 5
github.com/LGROW101/assessment-tax/service/taxcsv.go:144.57,145.41 1 9
github.com/LGROW101/assessment-tax/service/taxcsv.go:145.41,147.17 2 1
github.com/LGROW101/assessment-tax/service/taxcsv.go:147.17,149.4 1 0
github.com/LGROW101/assessment-tax/service/taxcsv.go:150.3,150.31 1 1
github.com/LGROW101/assessment-tax/service/taxcsv.go:152.2,153.16 2 8
github.com/LGROW101/assessment-tax/service/taxcsv.go:153.16,155.3 1 2
github.com/LGROW101/assessment-tax/service/taxcsv.go:156.2,156.22 1 6
github.com/LGROW101/assessment-tax/tests/repository/mocks/admin_mock.go:26.75,30.2 3 6
github.com/LGROW101/assessment-tax/tests/repository/mocks/admin_mock.go:33.73,35.2 1 5
github.com/LGROW101/assessment-tax/tests/repository/mocks/admin_mock.go:38.71,44.2 5 8
github.com/LGROW101/assessment-tax/tests/repository/mocks/admin_mock.go:47.69,50.2 2 4
github.com/LGROW101/assessment-tax/tests/repository/mocks/admin_mock.go:53.77,58.2 4 0
github.com/LGROW101/assessment-tax/tests/repository/mocks/admin_mock.go:61.90,64.2 2 0
github.com/LGROW101/assessment-tax/tests/repository/mocks/admin_mock.go:67.77,72.2 4 1
github.com/LGROW101/assessment-tax/tests/repository/mocks/admin_mock.go:75.90,78.2 2 1
github.com/LGROW101/assessment-tax/tests/repository/mocks/tax_mock.go:26.71,30.2 3 4
github.com/LGROW101/assessment-tax/tests/repository/mocks/tax_mock.go:33.69,35.2 1 2
github.com/LGROW101/assessment-tax/tests/repository/mocks/tax_mock.go:38.83,44.2 5 1
github.com/LGROW101/assessment-tax/tests/repository/mocks/tax_mock.go:47.76,50.2 2 1
github.com/LGROW101/assessment-tax/tests/repository/mocks/tax_mock.go:53.67,58.2 4 1
github.com/LGROW101/assessment-tax/tests/repository/mocks/tax_mock.go:61.77,64.2 2 1
